<?xml version="1.0" encoding="UTF-8"?>
<coverage generated="1696225288128" clover="3.2.0">
  <project timestamp="1696225288128" name="All files">
    <metrics statements="127" coveredstatements="39" conditionals="51" coveredconditionals="12" methods="26" coveredmethods="2" elements="204" coveredelements="53" complexity="0" loc="127" ncloc="127" packages="1" files="1" classes="1"/>
    <file name="array.ts" path="/Users/mac/Documents/codeWorks/scripts/jsmimic-php/src/array.ts">
      <metrics statements="127" coveredstatements="39" conditionals="51" coveredconditionals="12" methods="26" coveredmethods="2"/>
      <line num="8" count="5" type="stmt"/>
      <line num="10" count="5" type="stmt"/>
      <line num="11" count="12" type="cond" truecount="1" falsecount="0"/>
      <line num="12" count="12" type="cond" truecount="2" falsecount="0"/>
      <line num="13" count="12" type="stmt"/>
      <line num="17" count="5" type="stmt"/>
      <line num="29" count="8" type="cond" truecount="1" falsecount="0"/>
      <line num="30" count="1" type="stmt"/>
      <line num="33" count="7" type="cond" truecount="1" falsecount="1"/>
      <line num="35" count="7" type="stmt"/>
      <line num="36" count="7" type="stmt"/>
      <line num="38" count="7" type="stmt"/>
      <line num="39" count="36" type="cond" truecount="3" falsecount="0"/>
      <line num="40" count="8" type="stmt"/>
      <line num="41" count="8" type="stmt"/>
      <line num="44" count="36" type="cond" truecount="1" falsecount="1"/>
      <line num="45" count="0" type="stmt"/>
      <line num="47" count="36" type="stmt"/>
      <line num="51" count="7" type="cond" truecount="1" falsecount="0"/>
      <line num="52" count="6" type="stmt"/>
      <line num="55" count="7" type="stmt"/>
      <line num="58" count="0" type="stmt"/>
      <line num="59" count="0" type="stmt"/>
      <line num="60" count="0" type="stmt"/>
      <line num="62" count="0" type="stmt"/>
      <line num="63" count="0" type="stmt"/>
      <line num="64" count="0" type="cond" truecount="0" falsecount="3"/>
      <line num="65" count="0" type="stmt"/>
      <line num="66" count="0" type="stmt"/>
      <line num="69" count="0" type="cond" truecount="0" falsecount="2"/>
      <line num="70" count="0" type="stmt"/>
      <line num="72" count="0" type="stmt"/>
      <line num="76" count="0" type="cond" truecount="0" falsecount="1"/>
      <line num="77" count="0" type="stmt"/>
      <line num="80" count="0" type="stmt"/>
      <line num="92" count="0" type="stmt"/>
      <line num="103" count="0" type="stmt"/>
      <line num="105" count="0" type="stmt"/>
      <line num="106" count="0" type="stmt"/>
      <line num="109" count="0" type="stmt"/>
      <line num="119" count="0" type="stmt"/>
      <line num="121" count="0" type="stmt"/>
      <line num="122" count="0" type="stmt"/>
      <line num="123" count="0" type="cond" truecount="0" falsecount="2"/>
      <line num="124" count="0" type="stmt"/>
      <line num="126" count="0" type="stmt"/>
      <line num="130" count="0" type="stmt"/>
      <line num="141" count="0" type="stmt"/>
      <line num="143" count="0" type="stmt"/>
      <line num="144" count="0" type="cond" truecount="0" falsecount="1"/>
      <line num="145" count="0" type="cond" truecount="0" falsecount="3"/>
      <line num="146" count="0" type="stmt"/>
      <line num="151" count="0" type="stmt"/>
      <line num="162" count="0" type="stmt"/>
      <line num="164" count="0" type="stmt"/>
      <line num="165" count="0" type="cond" truecount="0" falsecount="3"/>
      <line num="166" count="0" type="stmt"/>
      <line num="170" count="0" type="stmt"/>
      <line num="182" count="0" type="stmt"/>
      <line num="184" count="0" type="stmt"/>
      <line num="185" count="0" type="cond" truecount="0" falsecount="1"/>
      <line num="186" count="0" type="cond" truecount="0" falsecount="3"/>
      <line num="187" count="0" type="stmt"/>
      <line num="192" count="0" type="stmt"/>
      <line num="204" count="0" type="stmt"/>
      <line num="206" count="0" type="stmt"/>
      <line num="207" count="0" type="cond" truecount="0" falsecount="4"/>
      <line num="208" count="0" type="stmt"/>
      <line num="212" count="0" type="stmt"/>
      <line num="223" count="0" type="stmt"/>
      <line num="235" count="0" type="stmt"/>
      <line num="237" count="0" type="stmt"/>
      <line num="238" count="0" type="stmt"/>
      <line num="241" count="0" type="stmt"/>
      <line num="252" count="0" type="stmt"/>
      <line num="254" count="0" type="stmt"/>
      <line num="255" count="0" type="stmt"/>
      <line num="258" count="0" type="stmt"/>
      <line num="269" count="0" type="stmt"/>
      <line num="279" count="0" type="stmt"/>
      <line num="281" count="0" type="stmt"/>
      <line num="282" count="0" type="cond" truecount="0" falsecount="1"/>
      <line num="283" count="0" type="stmt"/>
      <line num="284" count="0" type="stmt"/>
      <line num="288" count="0" type="stmt"/>
      <line num="299" count="0" type="stmt"/>
      <line num="301" count="0" type="stmt"/>
      <line num="302" count="0" type="cond" truecount="0" falsecount="4"/>
      <line num="303" count="0" type="stmt"/>
      <line num="307" count="0" type="stmt"/>
      <line num="318" count="0" type="stmt"/>
      <line num="320" count="0" type="stmt"/>
      <line num="321" count="0" type="cond" truecount="0" falsecount="3"/>
      <line num="322" count="0" type="stmt"/>
      <line num="326" count="0" type="stmt"/>
      <line num="338" count="0" type="stmt"/>
      <line num="340" count="0" type="stmt"/>
      <line num="341" count="0" type="cond" truecount="0" falsecount="4"/>
      <line num="342" count="0" type="stmt"/>
      <line num="346" count="0" type="stmt"/>
      <line num="358" count="0" type="stmt"/>
      <line num="360" count="0" type="stmt"/>
      <line num="361" count="0" type="cond" truecount="0" falsecount="1"/>
      <line num="362" count="0" type="stmt"/>
      <line num="364" count="0" type="cond" truecount="0" falsecount="1"/>
      <line num="365" count="0" type="stmt"/>
      <line num="370" count="0" type="stmt"/>
      <line num="381" count="0" type="stmt"/>
      <line num="386" count="1" type="stmt"/>
      <line num="387" count="1" type="stmt"/>
      <line num="388" count="1" type="stmt"/>
      <line num="389" count="1" type="stmt"/>
      <line num="390" count="1" type="stmt"/>
      <line num="391" count="1" type="stmt"/>
      <line num="392" count="1" type="stmt"/>
      <line num="393" count="1" type="stmt"/>
      <line num="394" count="1" type="stmt"/>
      <line num="395" count="1" type="stmt"/>
      <line num="396" count="1" type="stmt"/>
      <line num="397" count="1" type="stmt"/>
      <line num="398" count="1" type="stmt"/>
      <line num="399" count="1" type="stmt"/>
      <line num="400" count="1" type="stmt"/>
      <line num="401" count="1" type="stmt"/>
      <line num="402" count="1" type="stmt"/>
      <line num="403" count="1" type="stmt"/>
      <line num="404" count="1" type="stmt"/>
    </file>
  </project>
</coverage>
