{"/Users/mac/Documents/codeWorks/scripts/jsmimic-php/src/array.ts": {"path":"/Users/mac/Documents/codeWorks/scripts/jsmimic-php/src/array.ts","statementMap":{"0":{"start":{"line":8,"column":38},"end":{"line":8,"column":40}},"1":{"start":{"line":10,"column":4},"end":{"line":15,"column":null}},"2":{"start":{"line":11,"column":8},"end":{"line":14,"column":null}},"3":{"start":{"line":12,"column":27},"end":{"line":12,"column":92}},"4":{"start":{"line":13,"column":12},"end":{"line":13,"column":45}},"5":{"start":{"line":17,"column":4},"end":{"line":17,"column":18}},"6":{"start":{"line":386,"column":4},"end":{"line":386,"column":25}},"7":{"start":{"line":29,"column":4},"end":{"line":31,"column":null}},"8":{"start":{"line":30,"column":8},"end":{"line":30,"column":18}},"9":{"start":{"line":33,"column":4},"end":{"line":81,"column":null}},"10":{"start":{"line":35,"column":30},"end":{"line":35,"column":32}},"11":{"start":{"line":36,"column":25},"end":{"line":36,"column":27}},"12":{"start":{"line":38,"column":8},"end":{"line":49,"column":null}},"13":{"start":{"line":38,"column":21},"end":{"line":38,"column":22}},"14":{"start":{"line":39,"column":12},"end":{"line":42,"column":null}},"15":{"start":{"line":40,"column":16},"end":{"line":40,"column":35}},"16":{"start":{"line":41,"column":16},"end":{"line":41,"column":27}},"17":{"start":{"line":44,"column":12},"end":{"line":48,"column":null}},"18":{"start":{"line":45,"column":16},"end":{"line":45,"column":34}},"19":{"start":{"line":47,"column":16},"end":{"line":47,"column":35}},"20":{"start":{"line":51,"column":8},"end":{"line":53,"column":null}},"21":{"start":{"line":52,"column":12},"end":{"line":52,"column":31}},"22":{"start":{"line":55,"column":8},"end":{"line":55,"column":22}},"23":{"start":{"line":58,"column":21},"end":{"line":58,"column":37}},"24":{"start":{"line":59,"column":52},"end":{"line":59,"column":54}},"25":{"start":{"line":60,"column":39},"end":{"line":60,"column":41}},"26":{"start":{"line":62,"column":8},"end":{"line":74,"column":null}},"27":{"start":{"line":62,"column":21},"end":{"line":62,"column":22}},"28":{"start":{"line":63,"column":24},"end":{"line":63,"column":31}},"29":{"start":{"line":64,"column":12},"end":{"line":67,"column":null}},"30":{"start":{"line":65,"column":16},"end":{"line":65,"column":42}},"31":{"start":{"line":66,"column":16},"end":{"line":66,"column":27}},"32":{"start":{"line":69,"column":12},"end":{"line":73,"column":null}},"33":{"start":{"line":70,"column":16},"end":{"line":70,"column":38}},"34":{"start":{"line":72,"column":16},"end":{"line":72,"column":47}},"35":{"start":{"line":76,"column":8},"end":{"line":78,"column":null}},"36":{"start":{"line":77,"column":12},"end":{"line":77,"column":38}},"37":{"start":{"line":80,"column":8},"end":{"line":80,"column":22}},"38":{"start":{"line":387,"column":4},"end":{"line":387,"column":15}},"39":{"start":{"line":92,"column":4},"end":{"line":92,"column":53}},"40":{"start":{"line":92,"column":36},"end":{"line":92,"column":51}},"41":{"start":{"line":388,"column":4},"end":{"line":388,"column":16}},"42":{"start":{"line":103,"column":38},"end":{"line":103,"column":40}},"43":{"start":{"line":105,"column":4},"end":{"line":107,"column":7}},"44":{"start":{"line":106,"column":8},"end":{"line":106,"column":47}},"45":{"start":{"line":109,"column":4},"end":{"line":109,"column":18}},"46":{"start":{"line":389,"column":4},"end":{"line":389,"column":17}},"47":{"start":{"line":119,"column":43},"end":{"line":119,"column":45}},"48":{"start":{"line":121,"column":4},"end":{"line":128,"column":7}},"49":{"start":{"line":122,"column":20},"end":{"line":122,"column":36}},"50":{"start":{"line":123,"column":8},"end":{"line":127,"column":null}},"51":{"start":{"line":124,"column":12},"end":{"line":124,"column":28}},"52":{"start":{"line":126,"column":12},"end":{"line":126,"column":26}},"53":{"start":{"line":130,"column":4},"end":{"line":130,"column":18}},"54":{"start":{"line":390,"column":4},"end":{"line":390,"column":22}},"55":{"start":{"line":141,"column":38},"end":{"line":141,"column":40}},"56":{"start":{"line":143,"column":4},"end":{"line":149,"column":null}},"57":{"start":{"line":144,"column":8},"end":{"line":148,"column":null}},"58":{"start":{"line":145,"column":12},"end":{"line":147,"column":null}},"59":{"start":{"line":146,"column":16},"end":{"line":146,"column":40}},"60":{"start":{"line":151,"column":4},"end":{"line":151,"column":18}},"61":{"start":{"line":391,"column":4},"end":{"line":391,"column":20}},"62":{"start":{"line":162,"column":38},"end":{"line":162,"column":40}},"63":{"start":{"line":164,"column":4},"end":{"line":168,"column":null}},"64":{"start":{"line":165,"column":8},"end":{"line":167,"column":null}},"65":{"start":{"line":166,"column":12},"end":{"line":166,"column":36}},"66":{"start":{"line":170,"column":4},"end":{"line":170,"column":18}},"67":{"start":{"line":392,"column":4},"end":{"line":392,"column":18}},"68":{"start":{"line":182,"column":38},"end":{"line":182,"column":40}},"69":{"start":{"line":184,"column":4},"end":{"line":190,"column":null}},"70":{"start":{"line":185,"column":8},"end":{"line":189,"column":null}},"71":{"start":{"line":186,"column":12},"end":{"line":188,"column":null}},"72":{"start":{"line":187,"column":16},"end":{"line":187,"column":40}},"73":{"start":{"line":192,"column":4},"end":{"line":192,"column":18}},"74":{"start":{"line":393,"column":4},"end":{"line":393,"column":21}},"75":{"start":{"line":204,"column":38},"end":{"line":204,"column":40}},"76":{"start":{"line":206,"column":4},"end":{"line":210,"column":null}},"77":{"start":{"line":207,"column":8},"end":{"line":209,"column":null}},"78":{"start":{"line":208,"column":12},"end":{"line":208,"column":36}},"79":{"start":{"line":212,"column":4},"end":{"line":212,"column":18}},"80":{"start":{"line":394,"column":4},"end":{"line":394,"column":19}},"81":{"start":{"line":223,"column":4},"end":{"line":223,"column":55}},"82":{"start":{"line":223,"column":33},"end":{"line":223,"column":53}},"83":{"start":{"line":395,"column":4},"end":{"line":395,"column":14}},"84":{"start":{"line":235,"column":24},"end":{"line":235,"column":26}},"85":{"start":{"line":237,"column":4},"end":{"line":239,"column":null}},"86":{"start":{"line":237,"column":17},"end":{"line":237,"column":18}},"87":{"start":{"line":238,"column":8},"end":{"line":238,"column":34}},"88":{"start":{"line":241,"column":4},"end":{"line":241,"column":18}},"89":{"start":{"line":396,"column":4},"end":{"line":396,"column":14}},"90":{"start":{"line":252,"column":38},"end":{"line":252,"column":40}},"91":{"start":{"line":254,"column":4},"end":{"line":256,"column":7}},"92":{"start":{"line":255,"column":8},"end":{"line":255,"column":28}},"93":{"start":{"line":258,"column":4},"end":{"line":258,"column":18}},"94":{"start":{"line":397,"column":4},"end":{"line":397,"column":19}},"95":{"start":{"line":269,"column":4},"end":{"line":269,"column":32}},"96":{"start":{"line":398,"column":4},"end":{"line":398,"column":16}},"97":{"start":{"line":279,"column":43},"end":{"line":279,"column":45}},"98":{"start":{"line":281,"column":4},"end":{"line":286,"column":null}},"99":{"start":{"line":282,"column":8},"end":{"line":285,"column":null}},"100":{"start":{"line":283,"column":26},"end":{"line":283,"column":41}},"101":{"start":{"line":284,"column":12},"end":{"line":284,"column":43}},"102":{"start":{"line":288,"column":4},"end":{"line":288,"column":18}},"103":{"start":{"line":399,"column":4},"end":{"line":399,"column":14}},"104":{"start":{"line":299,"column":38},"end":{"line":299,"column":40}},"105":{"start":{"line":301,"column":4},"end":{"line":305,"column":null}},"106":{"start":{"line":302,"column":8},"end":{"line":304,"column":null}},"107":{"start":{"line":303,"column":12},"end":{"line":303,"column":36}},"108":{"start":{"line":307,"column":4},"end":{"line":307,"column":18}},"109":{"start":{"line":400,"column":4},"end":{"line":400,"column":25}},"110":{"start":{"line":318,"column":38},"end":{"line":318,"column":40}},"111":{"start":{"line":320,"column":4},"end":{"line":324,"column":null}},"112":{"start":{"line":321,"column":8},"end":{"line":323,"column":null}},"113":{"start":{"line":322,"column":12},"end":{"line":322,"column":36}},"114":{"start":{"line":326,"column":4},"end":{"line":326,"column":18}},"115":{"start":{"line":401,"column":4},"end":{"line":401,"column":23}},"116":{"start":{"line":338,"column":38},"end":{"line":338,"column":40}},"117":{"start":{"line":340,"column":4},"end":{"line":344,"column":null}},"118":{"start":{"line":341,"column":8},"end":{"line":343,"column":null}},"119":{"start":{"line":342,"column":12},"end":{"line":342,"column":36}},"120":{"start":{"line":346,"column":4},"end":{"line":346,"column":18}},"121":{"start":{"line":402,"column":4},"end":{"line":402,"column":26}},"122":{"start":{"line":358,"column":38},"end":{"line":358,"column":40}},"123":{"start":{"line":360,"column":4},"end":{"line":368,"column":null}},"124":{"start":{"line":361,"column":8},"end":{"line":367,"column":null}},"125":{"start":{"line":362,"column":25},"end":{"line":362,"column":83}},"126":{"start":{"line":362,"column":57},"end":{"line":362,"column":82}},"127":{"start":{"line":364,"column":12},"end":{"line":366,"column":null}},"128":{"start":{"line":365,"column":16},"end":{"line":365,"column":42}},"129":{"start":{"line":370,"column":4},"end":{"line":370,"column":18}},"130":{"start":{"line":403,"column":4},"end":{"line":403,"column":24}},"131":{"start":{"line":381,"column":4},"end":{"line":381,"column":54}},"132":{"start":{"line":381,"column":33},"end":{"line":381,"column":52}},"133":{"start":{"line":404,"column":4},"end":{"line":404,"column":19}}},"fnMap":{"0":{"name":"array_change_key_case","decl":{"start":{"line":7,"column":9},"end":{"line":7,"column":30}},"loc":{"start":{"line":7,"column":117},"end":{"line":18,"column":1}}},"1":{"name":"array_chunk","decl":{"start":{"line":28,"column":9},"end":{"line":28,"column":20}},"loc":{"start":{"line":28,"column":97},"end":{"line":82,"column":1}}},"2":{"name":"array_column","decl":{"start":{"line":91,"column":9},"end":{"line":91,"column":21}},"loc":{"start":{"line":91,"column":75},"end":{"line":93,"column":1}}},"3":{"name":"(anonymous_3)","decl":{"start":{"line":92,"column":26},"end":{"line":92,"column":27}},"loc":{"start":{"line":92,"column":36},"end":{"line":92,"column":51}}},"4":{"name":"array_combine","decl":{"start":{"line":102,"column":9},"end":{"line":102,"column":22}},"loc":{"start":{"line":102,"column":75},"end":{"line":110,"column":1}}},"5":{"name":"(anonymous_5)","decl":{"start":{"line":105,"column":17},"end":{"line":105,"column":18}},"loc":{"start":{"line":105,"column":32},"end":{"line":107,"column":5}}},"6":{"name":"array_count_values","decl":{"start":{"line":118,"column":9},"end":{"line":118,"column":27}},"loc":{"start":{"line":118,"column":63},"end":{"line":131,"column":1}}},"7":{"name":"(anonymous_7)","decl":{"start":{"line":121,"column":16},"end":{"line":121,"column":17}},"loc":{"start":{"line":121,"column":26},"end":{"line":128,"column":5}}},"8":{"name":"array_diff_assoc","decl":{"start":{"line":140,"column":9},"end":{"line":140,"column":25}},"loc":{"start":{"line":140,"column":77},"end":{"line":152,"column":1}}},"9":{"name":"array_diff_key","decl":{"start":{"line":161,"column":9},"end":{"line":161,"column":23}},"loc":{"start":{"line":161,"column":77},"end":{"line":171,"column":1}}},"10":{"name":"array_diff_uassoc","decl":{"start":{"line":181,"column":9},"end":{"line":181,"column":26}},"loc":{"start":{"line":181,"column":115},"end":{"line":193,"column":1}}},"11":{"name":"array_diff_ukey","decl":{"start":{"line":203,"column":9},"end":{"line":203,"column":24}},"loc":{"start":{"line":203,"column":128},"end":{"line":213,"column":1}}},"12":{"name":"array_diff","decl":{"start":{"line":222,"column":9},"end":{"line":222,"column":19}},"loc":{"start":{"line":222,"column":43},"end":{"line":224,"column":1}}},"13":{"name":"(anonymous_13)","decl":{"start":{"line":223,"column":23},"end":{"line":223,"column":24}},"loc":{"start":{"line":223,"column":33},"end":{"line":223,"column":53}}},"14":{"name":"array_fill","decl":{"start":{"line":234,"column":9},"end":{"line":234,"column":19}},"loc":{"start":{"line":234,"column":59},"end":{"line":242,"column":1}}},"15":{"name":"array_fill_keys","decl":{"start":{"line":251,"column":9},"end":{"line":251,"column":24}},"loc":{"start":{"line":251,"column":52},"end":{"line":259,"column":1}}},"16":{"name":"(anonymous_16)","decl":{"start":{"line":254,"column":17},"end":{"line":254,"column":18}},"loc":{"start":{"line":254,"column":25},"end":{"line":256,"column":5}}},"17":{"name":"array_filter","decl":{"start":{"line":268,"column":9},"end":{"line":268,"column":21}},"loc":{"start":{"line":268,"column":93},"end":{"line":270,"column":1}}},"18":{"name":"array_flip","decl":{"start":{"line":278,"column":9},"end":{"line":278,"column":19}},"loc":{"start":{"line":278,"column":85},"end":{"line":289,"column":1}}},"19":{"name":"array_intersect_assoc","decl":{"start":{"line":298,"column":9},"end":{"line":298,"column":30}},"loc":{"start":{"line":298,"column":82},"end":{"line":308,"column":1}}},"20":{"name":"array_intersect_key","decl":{"start":{"line":317,"column":9},"end":{"line":317,"column":28}},"loc":{"start":{"line":317,"column":82},"end":{"line":327,"column":1}}},"21":{"name":"array_intersect_uassoc","decl":{"start":{"line":337,"column":9},"end":{"line":337,"column":31}},"loc":{"start":{"line":337,"column":120},"end":{"line":347,"column":1}}},"22":{"name":"array_intersect_ukey","decl":{"start":{"line":357,"column":9},"end":{"line":357,"column":29}},"loc":{"start":{"line":357,"column":133},"end":{"line":371,"column":1}}},"23":{"name":"(anonymous_23)","decl":{"start":{"line":362,"column":48},"end":{"line":362,"column":49}},"loc":{"start":{"line":362,"column":57},"end":{"line":362,"column":82}}},"24":{"name":"array_intersect","decl":{"start":{"line":380,"column":9},"end":{"line":380,"column":24}},"loc":{"start":{"line":380,"column":48},"end":{"line":382,"column":1}}},"25":{"name":"(anonymous_25)","decl":{"start":{"line":381,"column":23},"end":{"line":381,"column":24}},"loc":{"start":{"line":381,"column":33},"end":{"line":381,"column":52}}}},"branchMap":{"0":{"loc":{"start":{"line":7,"column":65},"end":{"line":7,"column":117}},"type":"default-arg","locations":[{"start":{"line":7,"column":105},"end":{"line":7,"column":117}}]},"1":{"loc":{"start":{"line":11,"column":8},"end":{"line":14,"column":null}},"type":"if","locations":[{"start":{"line":11,"column":8},"end":{"line":14,"column":null}}]},"2":{"loc":{"start":{"line":12,"column":27},"end":{"line":12,"column":92}},"type":"cond-expr","locations":[{"start":{"line":12,"column":55},"end":{"line":12,"column":72}},{"start":{"line":12,"column":75},"end":{"line":12,"column":92}}]},"3":{"loc":{"start":{"line":28,"column":68},"end":{"line":28,"column":97}},"type":"default-arg","locations":[{"start":{"line":28,"column":92},"end":{"line":28,"column":97}}]},"4":{"loc":{"start":{"line":29,"column":4},"end":{"line":31,"column":null}},"type":"if","locations":[{"start":{"line":29,"column":4},"end":{"line":31,"column":null}}]},"5":{"loc":{"start":{"line":33,"column":4},"end":{"line":81,"column":null}},"type":"if","locations":[{"start":{"line":33,"column":4},"end":{"line":81,"column":null}},{"start":{"line":56,"column":11},"end":{"line":81,"column":null}}]},"6":{"loc":{"start":{"line":39,"column":12},"end":{"line":42,"column":null}},"type":"if","locations":[{"start":{"line":39,"column":12},"end":{"line":42,"column":null}}]},"7":{"loc":{"start":{"line":39,"column":16},"end":{"line":39,"column":39}},"type":"binary-expr","locations":[{"start":{"line":39,"column":16},"end":{"line":39,"column":30}},{"start":{"line":39,"column":34},"end":{"line":39,"column":39}}]},"8":{"loc":{"start":{"line":44,"column":12},"end":{"line":48,"column":null}},"type":"if","locations":[{"start":{"line":44,"column":12},"end":{"line":48,"column":null}},{"start":{"line":46,"column":19},"end":{"line":48,"column":null}}]},"9":{"loc":{"start":{"line":51,"column":8},"end":{"line":53,"column":null}},"type":"if","locations":[{"start":{"line":51,"column":8},"end":{"line":53,"column":null}}]},"10":{"loc":{"start":{"line":64,"column":12},"end":{"line":67,"column":null}},"type":"if","locations":[{"start":{"line":64,"column":12},"end":{"line":67,"column":null}}]},"11":{"loc":{"start":{"line":64,"column":16},"end":{"line":64,"column":39}},"type":"binary-expr","locations":[{"start":{"line":64,"column":16},"end":{"line":64,"column":30}},{"start":{"line":64,"column":34},"end":{"line":64,"column":39}}]},"12":{"loc":{"start":{"line":69,"column":12},"end":{"line":73,"column":null}},"type":"if","locations":[{"start":{"line":69,"column":12},"end":{"line":73,"column":null}},{"start":{"line":71,"column":19},"end":{"line":73,"column":null}}]},"13":{"loc":{"start":{"line":76,"column":8},"end":{"line":78,"column":null}},"type":"if","locations":[{"start":{"line":76,"column":8},"end":{"line":78,"column":null}}]},"14":{"loc":{"start":{"line":123,"column":8},"end":{"line":127,"column":null}},"type":"if","locations":[{"start":{"line":123,"column":8},"end":{"line":127,"column":null}},{"start":{"line":125,"column":15},"end":{"line":127,"column":null}}]},"15":{"loc":{"start":{"line":144,"column":8},"end":{"line":148,"column":null}},"type":"if","locations":[{"start":{"line":144,"column":8},"end":{"line":148,"column":null}}]},"16":{"loc":{"start":{"line":145,"column":12},"end":{"line":147,"column":null}},"type":"if","locations":[{"start":{"line":145,"column":12},"end":{"line":147,"column":null}}]},"17":{"loc":{"start":{"line":145,"column":16},"end":{"line":145,"column":59}},"type":"binary-expr","locations":[{"start":{"line":145,"column":16},"end":{"line":145,"column":30}},{"start":{"line":145,"column":35},"end":{"line":145,"column":58}}]},"18":{"loc":{"start":{"line":165,"column":8},"end":{"line":167,"column":null}},"type":"if","locations":[{"start":{"line":165,"column":8},"end":{"line":167,"column":null}}]},"19":{"loc":{"start":{"line":165,"column":12},"end":{"line":165,"column":54}},"type":"binary-expr","locations":[{"start":{"line":165,"column":12},"end":{"line":165,"column":36}},{"start":{"line":165,"column":40},"end":{"line":165,"column":54}}]},"20":{"loc":{"start":{"line":185,"column":8},"end":{"line":189,"column":null}},"type":"if","locations":[{"start":{"line":185,"column":8},"end":{"line":189,"column":null}}]},"21":{"loc":{"start":{"line":186,"column":12},"end":{"line":188,"column":null}},"type":"if","locations":[{"start":{"line":186,"column":12},"end":{"line":188,"column":null}}]},"22":{"loc":{"start":{"line":186,"column":16},"end":{"line":186,"column":73}},"type":"binary-expr","locations":[{"start":{"line":186,"column":16},"end":{"line":186,"column":30}},{"start":{"line":186,"column":34},"end":{"line":186,"column":73}}]},"23":{"loc":{"start":{"line":207,"column":8},"end":{"line":209,"column":null}},"type":"if","locations":[{"start":{"line":207,"column":8},"end":{"line":209,"column":null}}]},"24":{"loc":{"start":{"line":207,"column":12},"end":{"line":207,"column":122}},"type":"binary-expr","locations":[{"start":{"line":207,"column":12},"end":{"line":207,"column":36}},{"start":{"line":207,"column":40},"end":{"line":207,"column":88}},{"start":{"line":207,"column":92},"end":{"line":207,"column":122}}]},"25":{"loc":{"start":{"line":282,"column":8},"end":{"line":285,"column":null}},"type":"if","locations":[{"start":{"line":282,"column":8},"end":{"line":285,"column":null}}]},"26":{"loc":{"start":{"line":302,"column":8},"end":{"line":304,"column":null}},"type":"if","locations":[{"start":{"line":302,"column":8},"end":{"line":304,"column":null}}]},"27":{"loc":{"start":{"line":302,"column":12},"end":{"line":302,"column":80}},"type":"binary-expr","locations":[{"start":{"line":302,"column":12},"end":{"line":302,"column":36}},{"start":{"line":302,"column":41},"end":{"line":302,"column":52}},{"start":{"line":302,"column":57},"end":{"line":302,"column":80}}]},"28":{"loc":{"start":{"line":321,"column":8},"end":{"line":323,"column":null}},"type":"if","locations":[{"start":{"line":321,"column":8},"end":{"line":323,"column":null}}]},"29":{"loc":{"start":{"line":321,"column":12},"end":{"line":321,"column":53}},"type":"binary-expr","locations":[{"start":{"line":321,"column":12},"end":{"line":321,"column":36}},{"start":{"line":321,"column":41},"end":{"line":321,"column":52}}]},"30":{"loc":{"start":{"line":341,"column":8},"end":{"line":343,"column":null}},"type":"if","locations":[{"start":{"line":341,"column":8},"end":{"line":343,"column":null}}]},"31":{"loc":{"start":{"line":341,"column":12},"end":{"line":341,"column":96}},"type":"binary-expr","locations":[{"start":{"line":341,"column":12},"end":{"line":341,"column":36}},{"start":{"line":341,"column":41},"end":{"line":341,"column":52}},{"start":{"line":341,"column":57},"end":{"line":341,"column":96}}]},"32":{"loc":{"start":{"line":361,"column":8},"end":{"line":367,"column":null}},"type":"if","locations":[{"start":{"line":361,"column":8},"end":{"line":367,"column":null}}]},"33":{"loc":{"start":{"line":364,"column":12},"end":{"line":366,"column":null}},"type":"if","locations":[{"start":{"line":364,"column":12},"end":{"line":366,"column":null}}]}},"s":{"0":5,"1":5,"2":12,"3":12,"4":12,"5":5,"6":1,"7":8,"8":1,"9":7,"10":7,"11":7,"12":7,"13":7,"14":36,"15":8,"16":8,"17":36,"18":0,"19":36,"20":7,"21":6,"22":7,"23":0,"24":0,"25":0,"26":0,"27":0,"28":0,"29":0,"30":0,"31":0,"32":0,"33":0,"34":0,"35":0,"36":0,"37":0,"38":1,"39":0,"40":0,"41":1,"42":0,"43":0,"44":0,"45":0,"46":1,"47":0,"48":0,"49":0,"50":0,"51":0,"52":0,"53":0,"54":1,"55":0,"56":0,"57":0,"58":0,"59":0,"60":0,"61":1,"62":0,"63":0,"64":0,"65":0,"66":0,"67":1,"68":0,"69":0,"70":0,"71":0,"72":0,"73":0,"74":1,"75":0,"76":0,"77":0,"78":0,"79":0,"80":1,"81":0,"82":0,"83":1,"84":0,"85":0,"86":0,"87":0,"88":0,"89":1,"90":0,"91":0,"92":0,"93":0,"94":1,"95":0,"96":1,"97":0,"98":0,"99":0,"100":0,"101":0,"102":0,"103":1,"104":0,"105":0,"106":0,"107":0,"108":0,"109":1,"110":0,"111":0,"112":0,"113":0,"114":0,"115":1,"116":0,"117":0,"118":0,"119":0,"120":0,"121":1,"122":0,"123":0,"124":0,"125":0,"126":0,"127":0,"128":0,"129":0,"130":1,"131":0,"132":0,"133":1},"f":{"0":5,"1":8,"2":0,"3":0,"4":0,"5":0,"6":0,"7":0,"8":0,"9":0,"10":0,"11":0,"12":0,"13":0,"14":0,"15":0,"16":0,"17":0,"18":0,"19":0,"20":0,"21":0,"22":0,"23":0,"24":0,"25":0},"b":{"0":[3],"1":[12],"2":[3,9],"3":[8],"4":[1],"5":[7,0],"6":[8],"7":[36,14],"8":[0,36],"9":[6],"10":[0],"11":[0,0],"12":[0,0],"13":[0],"14":[0,0],"15":[0],"16":[0],"17":[0,0],"18":[0],"19":[0,0],"20":[0],"21":[0],"22":[0,0],"23":[0],"24":[0,0,0],"25":[0],"26":[0],"27":[0,0,0],"28":[0],"29":[0,0],"30":[0],"31":[0,0,0],"32":[0],"33":[0]}}
}
