{"/Users/mac/Documents/codeWorks/scripts/jsmimic-php/src/array.ts": {"path":"/Users/mac/Documents/codeWorks/scripts/jsmimic-php/src/array.ts","statementMap":{"0":{"start":{"line":8,"column":38},"end":{"line":8,"column":40}},"1":{"start":{"line":10,"column":4},"end":{"line":15,"column":null}},"2":{"start":{"line":11,"column":8},"end":{"line":14,"column":null}},"3":{"start":{"line":12,"column":27},"end":{"line":12,"column":92}},"4":{"start":{"line":13,"column":12},"end":{"line":13,"column":45}},"5":{"start":{"line":17,"column":4},"end":{"line":17,"column":18}},"6":{"start":{"line":400,"column":4},"end":{"line":400,"column":25}},"7":{"start":{"line":29,"column":4},"end":{"line":31,"column":null}},"8":{"start":{"line":30,"column":8},"end":{"line":30,"column":18}},"9":{"start":{"line":33,"column":4},"end":{"line":81,"column":null}},"10":{"start":{"line":35,"column":30},"end":{"line":35,"column":32}},"11":{"start":{"line":36,"column":25},"end":{"line":36,"column":27}},"12":{"start":{"line":38,"column":8},"end":{"line":49,"column":null}},"13":{"start":{"line":38,"column":21},"end":{"line":38,"column":22}},"14":{"start":{"line":39,"column":12},"end":{"line":42,"column":null}},"15":{"start":{"line":40,"column":16},"end":{"line":40,"column":35}},"16":{"start":{"line":41,"column":16},"end":{"line":41,"column":27}},"17":{"start":{"line":44,"column":12},"end":{"line":48,"column":null}},"18":{"start":{"line":45,"column":16},"end":{"line":45,"column":34}},"19":{"start":{"line":47,"column":16},"end":{"line":47,"column":35}},"20":{"start":{"line":51,"column":8},"end":{"line":53,"column":null}},"21":{"start":{"line":52,"column":12},"end":{"line":52,"column":31}},"22":{"start":{"line":55,"column":8},"end":{"line":55,"column":22}},"23":{"start":{"line":58,"column":21},"end":{"line":58,"column":37}},"24":{"start":{"line":59,"column":52},"end":{"line":59,"column":54}},"25":{"start":{"line":60,"column":39},"end":{"line":60,"column":41}},"26":{"start":{"line":62,"column":8},"end":{"line":74,"column":null}},"27":{"start":{"line":62,"column":21},"end":{"line":62,"column":22}},"28":{"start":{"line":63,"column":24},"end":{"line":63,"column":31}},"29":{"start":{"line":64,"column":12},"end":{"line":67,"column":null}},"30":{"start":{"line":65,"column":16},"end":{"line":65,"column":42}},"31":{"start":{"line":66,"column":16},"end":{"line":66,"column":27}},"32":{"start":{"line":69,"column":12},"end":{"line":73,"column":null}},"33":{"start":{"line":70,"column":16},"end":{"line":70,"column":38}},"34":{"start":{"line":72,"column":16},"end":{"line":72,"column":47}},"35":{"start":{"line":76,"column":8},"end":{"line":78,"column":null}},"36":{"start":{"line":77,"column":12},"end":{"line":77,"column":38}},"37":{"start":{"line":80,"column":8},"end":{"line":80,"column":22}},"38":{"start":{"line":401,"column":4},"end":{"line":401,"column":15}},"39":{"start":{"line":92,"column":4},"end":{"line":105,"column":65}},"40":{"start":{"line":93,"column":20},"end":{"line":93,"column":24}},"41":{"start":{"line":94,"column":21},"end":{"line":94,"column":41}},"42":{"start":{"line":96,"column":8},"end":{"line":102,"column":null}},"43":{"start":{"line":97,"column":12},"end":{"line":101,"column":null}},"44":{"start":{"line":98,"column":16},"end":{"line":98,"column":35}},"45":{"start":{"line":100,"column":16},"end":{"line":100,"column":33}},"46":{"start":{"line":104,"column":8},"end":{"line":104,"column":38}},"47":{"start":{"line":105,"column":37},"end":{"line":105,"column":56}},"48":{"start":{"line":402,"column":4},"end":{"line":402,"column":16}},"49":{"start":{"line":117,"column":38},"end":{"line":117,"column":40}},"50":{"start":{"line":119,"column":4},"end":{"line":121,"column":7}},"51":{"start":{"line":120,"column":8},"end":{"line":120,"column":47}},"52":{"start":{"line":123,"column":4},"end":{"line":123,"column":18}},"53":{"start":{"line":403,"column":4},"end":{"line":403,"column":17}},"54":{"start":{"line":133,"column":43},"end":{"line":133,"column":45}},"55":{"start":{"line":135,"column":4},"end":{"line":142,"column":7}},"56":{"start":{"line":136,"column":20},"end":{"line":136,"column":36}},"57":{"start":{"line":137,"column":8},"end":{"line":141,"column":null}},"58":{"start":{"line":138,"column":12},"end":{"line":138,"column":28}},"59":{"start":{"line":140,"column":12},"end":{"line":140,"column":26}},"60":{"start":{"line":144,"column":4},"end":{"line":144,"column":18}},"61":{"start":{"line":404,"column":4},"end":{"line":404,"column":22}},"62":{"start":{"line":155,"column":38},"end":{"line":155,"column":40}},"63":{"start":{"line":157,"column":4},"end":{"line":163,"column":null}},"64":{"start":{"line":158,"column":8},"end":{"line":162,"column":null}},"65":{"start":{"line":159,"column":12},"end":{"line":161,"column":null}},"66":{"start":{"line":160,"column":16},"end":{"line":160,"column":40}},"67":{"start":{"line":165,"column":4},"end":{"line":165,"column":18}},"68":{"start":{"line":405,"column":4},"end":{"line":405,"column":20}},"69":{"start":{"line":176,"column":38},"end":{"line":176,"column":40}},"70":{"start":{"line":178,"column":4},"end":{"line":182,"column":null}},"71":{"start":{"line":179,"column":8},"end":{"line":181,"column":null}},"72":{"start":{"line":180,"column":12},"end":{"line":180,"column":36}},"73":{"start":{"line":184,"column":4},"end":{"line":184,"column":18}},"74":{"start":{"line":406,"column":4},"end":{"line":406,"column":18}},"75":{"start":{"line":196,"column":38},"end":{"line":196,"column":40}},"76":{"start":{"line":198,"column":4},"end":{"line":204,"column":null}},"77":{"start":{"line":199,"column":8},"end":{"line":203,"column":null}},"78":{"start":{"line":200,"column":12},"end":{"line":202,"column":null}},"79":{"start":{"line":201,"column":16},"end":{"line":201,"column":40}},"80":{"start":{"line":206,"column":4},"end":{"line":206,"column":18}},"81":{"start":{"line":407,"column":4},"end":{"line":407,"column":21}},"82":{"start":{"line":218,"column":38},"end":{"line":218,"column":40}},"83":{"start":{"line":220,"column":4},"end":{"line":224,"column":null}},"84":{"start":{"line":221,"column":8},"end":{"line":223,"column":null}},"85":{"start":{"line":222,"column":12},"end":{"line":222,"column":36}},"86":{"start":{"line":226,"column":4},"end":{"line":226,"column":18}},"87":{"start":{"line":408,"column":4},"end":{"line":408,"column":19}},"88":{"start":{"line":237,"column":4},"end":{"line":237,"column":55}},"89":{"start":{"line":237,"column":33},"end":{"line":237,"column":53}},"90":{"start":{"line":409,"column":4},"end":{"line":409,"column":14}},"91":{"start":{"line":249,"column":24},"end":{"line":249,"column":26}},"92":{"start":{"line":251,"column":4},"end":{"line":253,"column":null}},"93":{"start":{"line":251,"column":17},"end":{"line":251,"column":18}},"94":{"start":{"line":252,"column":8},"end":{"line":252,"column":34}},"95":{"start":{"line":255,"column":4},"end":{"line":255,"column":18}},"96":{"start":{"line":410,"column":4},"end":{"line":410,"column":14}},"97":{"start":{"line":266,"column":38},"end":{"line":266,"column":40}},"98":{"start":{"line":268,"column":4},"end":{"line":270,"column":7}},"99":{"start":{"line":269,"column":8},"end":{"line":269,"column":28}},"100":{"start":{"line":272,"column":4},"end":{"line":272,"column":18}},"101":{"start":{"line":411,"column":4},"end":{"line":411,"column":19}},"102":{"start":{"line":283,"column":4},"end":{"line":283,"column":32}},"103":{"start":{"line":412,"column":4},"end":{"line":412,"column":16}},"104":{"start":{"line":293,"column":43},"end":{"line":293,"column":45}},"105":{"start":{"line":295,"column":4},"end":{"line":300,"column":null}},"106":{"start":{"line":296,"column":8},"end":{"line":299,"column":null}},"107":{"start":{"line":297,"column":26},"end":{"line":297,"column":41}},"108":{"start":{"line":298,"column":12},"end":{"line":298,"column":43}},"109":{"start":{"line":302,"column":4},"end":{"line":302,"column":18}},"110":{"start":{"line":413,"column":4},"end":{"line":413,"column":14}},"111":{"start":{"line":313,"column":38},"end":{"line":313,"column":40}},"112":{"start":{"line":315,"column":4},"end":{"line":319,"column":null}},"113":{"start":{"line":316,"column":8},"end":{"line":318,"column":null}},"114":{"start":{"line":317,"column":12},"end":{"line":317,"column":36}},"115":{"start":{"line":321,"column":4},"end":{"line":321,"column":18}},"116":{"start":{"line":414,"column":4},"end":{"line":414,"column":25}},"117":{"start":{"line":332,"column":38},"end":{"line":332,"column":40}},"118":{"start":{"line":334,"column":4},"end":{"line":338,"column":null}},"119":{"start":{"line":335,"column":8},"end":{"line":337,"column":null}},"120":{"start":{"line":336,"column":12},"end":{"line":336,"column":36}},"121":{"start":{"line":340,"column":4},"end":{"line":340,"column":18}},"122":{"start":{"line":415,"column":4},"end":{"line":415,"column":23}},"123":{"start":{"line":352,"column":38},"end":{"line":352,"column":40}},"124":{"start":{"line":354,"column":4},"end":{"line":358,"column":null}},"125":{"start":{"line":355,"column":8},"end":{"line":357,"column":null}},"126":{"start":{"line":356,"column":12},"end":{"line":356,"column":36}},"127":{"start":{"line":360,"column":4},"end":{"line":360,"column":18}},"128":{"start":{"line":416,"column":4},"end":{"line":416,"column":26}},"129":{"start":{"line":372,"column":38},"end":{"line":372,"column":40}},"130":{"start":{"line":374,"column":4},"end":{"line":382,"column":null}},"131":{"start":{"line":375,"column":8},"end":{"line":381,"column":null}},"132":{"start":{"line":376,"column":25},"end":{"line":376,"column":83}},"133":{"start":{"line":376,"column":57},"end":{"line":376,"column":82}},"134":{"start":{"line":378,"column":12},"end":{"line":380,"column":null}},"135":{"start":{"line":379,"column":16},"end":{"line":379,"column":42}},"136":{"start":{"line":384,"column":4},"end":{"line":384,"column":18}},"137":{"start":{"line":417,"column":4},"end":{"line":417,"column":24}},"138":{"start":{"line":395,"column":4},"end":{"line":395,"column":54}},"139":{"start":{"line":395,"column":33},"end":{"line":395,"column":52}},"140":{"start":{"line":418,"column":4},"end":{"line":418,"column":19}}},"fnMap":{"0":{"name":"array_change_key_case","decl":{"start":{"line":7,"column":9},"end":{"line":7,"column":30}},"loc":{"start":{"line":7,"column":117},"end":{"line":18,"column":1}}},"1":{"name":"array_chunk","decl":{"start":{"line":28,"column":9},"end":{"line":28,"column":20}},"loc":{"start":{"line":28,"column":97},"end":{"line":82,"column":1}}},"2":{"name":"array_column","decl":{"start":{"line":91,"column":9},"end":{"line":91,"column":21}},"loc":{"start":{"line":91,"column":77},"end":{"line":106,"column":1}}},"3":{"name":"(anonymous_3)","decl":{"start":{"line":92,"column":26},"end":{"line":92,"column":27}},"loc":{"start":{"line":92,"column":35},"end":{"line":105,"column":5}}},"4":{"name":"(anonymous_4)","decl":{"start":{"line":105,"column":14},"end":{"line":105,"column":15}},"loc":{"start":{"line":105,"column":37},"end":{"line":105,"column":56}}},"5":{"name":"array_combine","decl":{"start":{"line":116,"column":9},"end":{"line":116,"column":22}},"loc":{"start":{"line":116,"column":75},"end":{"line":124,"column":1}}},"6":{"name":"(anonymous_6)","decl":{"start":{"line":119,"column":17},"end":{"line":119,"column":18}},"loc":{"start":{"line":119,"column":32},"end":{"line":121,"column":5}}},"7":{"name":"array_count_values","decl":{"start":{"line":132,"column":9},"end":{"line":132,"column":27}},"loc":{"start":{"line":132,"column":63},"end":{"line":145,"column":1}}},"8":{"name":"(anonymous_8)","decl":{"start":{"line":135,"column":16},"end":{"line":135,"column":17}},"loc":{"start":{"line":135,"column":26},"end":{"line":142,"column":5}}},"9":{"name":"array_diff_assoc","decl":{"start":{"line":154,"column":9},"end":{"line":154,"column":25}},"loc":{"start":{"line":154,"column":77},"end":{"line":166,"column":1}}},"10":{"name":"array_diff_key","decl":{"start":{"line":175,"column":9},"end":{"line":175,"column":23}},"loc":{"start":{"line":175,"column":77},"end":{"line":185,"column":1}}},"11":{"name":"array_diff_uassoc","decl":{"start":{"line":195,"column":9},"end":{"line":195,"column":26}},"loc":{"start":{"line":195,"column":115},"end":{"line":207,"column":1}}},"12":{"name":"array_diff_ukey","decl":{"start":{"line":217,"column":9},"end":{"line":217,"column":24}},"loc":{"start":{"line":217,"column":128},"end":{"line":227,"column":1}}},"13":{"name":"array_diff","decl":{"start":{"line":236,"column":9},"end":{"line":236,"column":19}},"loc":{"start":{"line":236,"column":43},"end":{"line":238,"column":1}}},"14":{"name":"(anonymous_14)","decl":{"start":{"line":237,"column":23},"end":{"line":237,"column":24}},"loc":{"start":{"line":237,"column":33},"end":{"line":237,"column":53}}},"15":{"name":"array_fill","decl":{"start":{"line":248,"column":9},"end":{"line":248,"column":19}},"loc":{"start":{"line":248,"column":59},"end":{"line":256,"column":1}}},"16":{"name":"array_fill_keys","decl":{"start":{"line":265,"column":9},"end":{"line":265,"column":24}},"loc":{"start":{"line":265,"column":52},"end":{"line":273,"column":1}}},"17":{"name":"(anonymous_17)","decl":{"start":{"line":268,"column":17},"end":{"line":268,"column":18}},"loc":{"start":{"line":268,"column":25},"end":{"line":270,"column":5}}},"18":{"name":"array_filter","decl":{"start":{"line":282,"column":9},"end":{"line":282,"column":21}},"loc":{"start":{"line":282,"column":93},"end":{"line":284,"column":1}}},"19":{"name":"array_flip","decl":{"start":{"line":292,"column":9},"end":{"line":292,"column":19}},"loc":{"start":{"line":292,"column":85},"end":{"line":303,"column":1}}},"20":{"name":"array_intersect_assoc","decl":{"start":{"line":312,"column":9},"end":{"line":312,"column":30}},"loc":{"start":{"line":312,"column":82},"end":{"line":322,"column":1}}},"21":{"name":"array_intersect_key","decl":{"start":{"line":331,"column":9},"end":{"line":331,"column":28}},"loc":{"start":{"line":331,"column":82},"end":{"line":341,"column":1}}},"22":{"name":"array_intersect_uassoc","decl":{"start":{"line":351,"column":9},"end":{"line":351,"column":31}},"loc":{"start":{"line":351,"column":120},"end":{"line":361,"column":1}}},"23":{"name":"array_intersect_ukey","decl":{"start":{"line":371,"column":9},"end":{"line":371,"column":29}},"loc":{"start":{"line":371,"column":133},"end":{"line":385,"column":1}}},"24":{"name":"(anonymous_24)","decl":{"start":{"line":376,"column":48},"end":{"line":376,"column":49}},"loc":{"start":{"line":376,"column":57},"end":{"line":376,"column":82}}},"25":{"name":"array_intersect","decl":{"start":{"line":394,"column":9},"end":{"line":394,"column":24}},"loc":{"start":{"line":394,"column":48},"end":{"line":396,"column":1}}},"26":{"name":"(anonymous_26)","decl":{"start":{"line":395,"column":23},"end":{"line":395,"column":24}},"loc":{"start":{"line":395,"column":33},"end":{"line":395,"column":52}}}},"branchMap":{"0":{"loc":{"start":{"line":7,"column":65},"end":{"line":7,"column":117}},"type":"default-arg","locations":[{"start":{"line":7,"column":105},"end":{"line":7,"column":117}}]},"1":{"loc":{"start":{"line":11,"column":8},"end":{"line":14,"column":null}},"type":"if","locations":[{"start":{"line":11,"column":8},"end":{"line":14,"column":null}}]},"2":{"loc":{"start":{"line":12,"column":27},"end":{"line":12,"column":92}},"type":"cond-expr","locations":[{"start":{"line":12,"column":55},"end":{"line":12,"column":72}},{"start":{"line":12,"column":75},"end":{"line":12,"column":92}}]},"3":{"loc":{"start":{"line":28,"column":68},"end":{"line":28,"column":97}},"type":"default-arg","locations":[{"start":{"line":28,"column":92},"end":{"line":28,"column":97}}]},"4":{"loc":{"start":{"line":29,"column":4},"end":{"line":31,"column":null}},"type":"if","locations":[{"start":{"line":29,"column":4},"end":{"line":31,"column":null}}]},"5":{"loc":{"start":{"line":33,"column":4},"end":{"line":81,"column":null}},"type":"if","locations":[{"start":{"line":33,"column":4},"end":{"line":81,"column":null}},{"start":{"line":56,"column":11},"end":{"line":81,"column":null}}]},"6":{"loc":{"start":{"line":39,"column":12},"end":{"line":42,"column":null}},"type":"if","locations":[{"start":{"line":39,"column":12},"end":{"line":42,"column":null}}]},"7":{"loc":{"start":{"line":39,"column":16},"end":{"line":39,"column":39}},"type":"binary-expr","locations":[{"start":{"line":39,"column":16},"end":{"line":39,"column":30}},{"start":{"line":39,"column":34},"end":{"line":39,"column":39}}]},"8":{"loc":{"start":{"line":44,"column":12},"end":{"line":48,"column":null}},"type":"if","locations":[{"start":{"line":44,"column":12},"end":{"line":48,"column":null}},{"start":{"line":46,"column":19},"end":{"line":48,"column":null}}]},"9":{"loc":{"start":{"line":51,"column":8},"end":{"line":53,"column":null}},"type":"if","locations":[{"start":{"line":51,"column":8},"end":{"line":53,"column":null}}]},"10":{"loc":{"start":{"line":64,"column":12},"end":{"line":67,"column":null}},"type":"if","locations":[{"start":{"line":64,"column":12},"end":{"line":67,"column":null}}]},"11":{"loc":{"start":{"line":64,"column":16},"end":{"line":64,"column":39}},"type":"binary-expr","locations":[{"start":{"line":64,"column":16},"end":{"line":64,"column":30}},{"start":{"line":64,"column":34},"end":{"line":64,"column":39}}]},"12":{"loc":{"start":{"line":69,"column":12},"end":{"line":73,"column":null}},"type":"if","locations":[{"start":{"line":69,"column":12},"end":{"line":73,"column":null}},{"start":{"line":71,"column":19},"end":{"line":73,"column":null}}]},"13":{"loc":{"start":{"line":76,"column":8},"end":{"line":78,"column":null}},"type":"if","locations":[{"start":{"line":76,"column":8},"end":{"line":78,"column":null}}]},"14":{"loc":{"start":{"line":97,"column":12},"end":{"line":101,"column":null}},"type":"if","locations":[{"start":{"line":97,"column":12},"end":{"line":101,"column":null}},{"start":{"line":99,"column":19},"end":{"line":101,"column":null}}]},"15":{"loc":{"start":{"line":97,"column":16},"end":{"line":97,"column":66}},"type":"binary-expr","locations":[{"start":{"line":97,"column":16},"end":{"line":97,"column":21}},{"start":{"line":97,"column":25},"end":{"line":97,"column":50}},{"start":{"line":97,"column":54},"end":{"line":97,"column":66}}]},"16":{"loc":{"start":{"line":137,"column":8},"end":{"line":141,"column":null}},"type":"if","locations":[{"start":{"line":137,"column":8},"end":{"line":141,"column":null}},{"start":{"line":139,"column":15},"end":{"line":141,"column":null}}]},"17":{"loc":{"start":{"line":158,"column":8},"end":{"line":162,"column":null}},"type":"if","locations":[{"start":{"line":158,"column":8},"end":{"line":162,"column":null}}]},"18":{"loc":{"start":{"line":159,"column":12},"end":{"line":161,"column":null}},"type":"if","locations":[{"start":{"line":159,"column":12},"end":{"line":161,"column":null}}]},"19":{"loc":{"start":{"line":159,"column":16},"end":{"line":159,"column":59}},"type":"binary-expr","locations":[{"start":{"line":159,"column":16},"end":{"line":159,"column":30}},{"start":{"line":159,"column":35},"end":{"line":159,"column":58}}]},"20":{"loc":{"start":{"line":179,"column":8},"end":{"line":181,"column":null}},"type":"if","locations":[{"start":{"line":179,"column":8},"end":{"line":181,"column":null}}]},"21":{"loc":{"start":{"line":179,"column":12},"end":{"line":179,"column":54}},"type":"binary-expr","locations":[{"start":{"line":179,"column":12},"end":{"line":179,"column":36}},{"start":{"line":179,"column":40},"end":{"line":179,"column":54}}]},"22":{"loc":{"start":{"line":199,"column":8},"end":{"line":203,"column":null}},"type":"if","locations":[{"start":{"line":199,"column":8},"end":{"line":203,"column":null}}]},"23":{"loc":{"start":{"line":200,"column":12},"end":{"line":202,"column":null}},"type":"if","locations":[{"start":{"line":200,"column":12},"end":{"line":202,"column":null}}]},"24":{"loc":{"start":{"line":200,"column":16},"end":{"line":200,"column":73}},"type":"binary-expr","locations":[{"start":{"line":200,"column":16},"end":{"line":200,"column":30}},{"start":{"line":200,"column":34},"end":{"line":200,"column":73}}]},"25":{"loc":{"start":{"line":221,"column":8},"end":{"line":223,"column":null}},"type":"if","locations":[{"start":{"line":221,"column":8},"end":{"line":223,"column":null}}]},"26":{"loc":{"start":{"line":221,"column":12},"end":{"line":221,"column":122}},"type":"binary-expr","locations":[{"start":{"line":221,"column":12},"end":{"line":221,"column":36}},{"start":{"line":221,"column":40},"end":{"line":221,"column":88}},{"start":{"line":221,"column":92},"end":{"line":221,"column":122}}]},"27":{"loc":{"start":{"line":296,"column":8},"end":{"line":299,"column":null}},"type":"if","locations":[{"start":{"line":296,"column":8},"end":{"line":299,"column":null}}]},"28":{"loc":{"start":{"line":316,"column":8},"end":{"line":318,"column":null}},"type":"if","locations":[{"start":{"line":316,"column":8},"end":{"line":318,"column":null}}]},"29":{"loc":{"start":{"line":316,"column":12},"end":{"line":316,"column":80}},"type":"binary-expr","locations":[{"start":{"line":316,"column":12},"end":{"line":316,"column":36}},{"start":{"line":316,"column":41},"end":{"line":316,"column":52}},{"start":{"line":316,"column":57},"end":{"line":316,"column":80}}]},"30":{"loc":{"start":{"line":335,"column":8},"end":{"line":337,"column":null}},"type":"if","locations":[{"start":{"line":335,"column":8},"end":{"line":337,"column":null}}]},"31":{"loc":{"start":{"line":335,"column":12},"end":{"line":335,"column":53}},"type":"binary-expr","locations":[{"start":{"line":335,"column":12},"end":{"line":335,"column":36}},{"start":{"line":335,"column":41},"end":{"line":335,"column":52}}]},"32":{"loc":{"start":{"line":355,"column":8},"end":{"line":357,"column":null}},"type":"if","locations":[{"start":{"line":355,"column":8},"end":{"line":357,"column":null}}]},"33":{"loc":{"start":{"line":355,"column":12},"end":{"line":355,"column":96}},"type":"binary-expr","locations":[{"start":{"line":355,"column":12},"end":{"line":355,"column":36}},{"start":{"line":355,"column":41},"end":{"line":355,"column":52}},{"start":{"line":355,"column":57},"end":{"line":355,"column":96}}]},"34":{"loc":{"start":{"line":375,"column":8},"end":{"line":381,"column":null}},"type":"if","locations":[{"start":{"line":375,"column":8},"end":{"line":381,"column":null}}]},"35":{"loc":{"start":{"line":378,"column":12},"end":{"line":380,"column":null}},"type":"if","locations":[{"start":{"line":378,"column":12},"end":{"line":380,"column":null}}]}},"s":{"0":5,"1":5,"2":12,"3":12,"4":12,"5":5,"6":1,"7":8,"8":1,"9":7,"10":7,"11":7,"12":7,"13":7,"14":36,"15":8,"16":8,"17":36,"18":0,"19":36,"20":7,"21":6,"22":7,"23":0,"24":0,"25":0,"26":0,"27":0,"28":0,"29":0,"30":0,"31":0,"32":0,"33":0,"34":0,"35":0,"36":0,"37":0,"38":1,"39":6,"40":13,"41":13,"42":13,"43":16,"44":13,"45":3,"46":10,"47":13,"48":1,"49":0,"50":0,"51":0,"52":0,"53":1,"54":0,"55":0,"56":0,"57":0,"58":0,"59":0,"60":0,"61":1,"62":0,"63":0,"64":0,"65":0,"66":0,"67":0,"68":1,"69":0,"70":0,"71":0,"72":0,"73":0,"74":1,"75":0,"76":0,"77":0,"78":0,"79":0,"80":0,"81":1,"82":0,"83":0,"84":0,"85":0,"86":0,"87":1,"88":0,"89":0,"90":1,"91":0,"92":0,"93":0,"94":0,"95":0,"96":1,"97":0,"98":0,"99":0,"100":0,"101":1,"102":0,"103":1,"104":0,"105":0,"106":0,"107":0,"108":0,"109":0,"110":1,"111":0,"112":0,"113":0,"114":0,"115":0,"116":1,"117":0,"118":0,"119":0,"120":0,"121":0,"122":1,"123":0,"124":0,"125":0,"126":0,"127":0,"128":1,"129":0,"130":0,"131":0,"132":0,"133":0,"134":0,"135":0,"136":0,"137":1,"138":0,"139":0,"140":1},"f":{"0":5,"1":8,"2":6,"3":13,"4":13,"5":0,"6":0,"7":0,"8":0,"9":0,"10":0,"11":0,"12":0,"13":0,"14":0,"15":0,"16":0,"17":0,"18":0,"19":0,"20":0,"21":0,"22":0,"23":0,"24":0,"25":0,"26":0},"b":{"0":[3],"1":[12],"2":[3,9],"3":[8],"4":[1],"5":[7,0],"6":[8],"7":[36,14],"8":[0,36],"9":[6],"10":[0],"11":[0,0],"12":[0,0],"13":[0],"14":[13,3],"15":[16,16,16],"16":[0,0],"17":[0],"18":[0],"19":[0,0],"20":[0],"21":[0,0],"22":[0],"23":[0],"24":[0,0],"25":[0],"26":[0,0,0],"27":[0],"28":[0],"29":[0,0,0],"30":[0],"31":[0,0],"32":[0],"33":[0,0,0],"34":[0],"35":[0]}}
}
