TN:
SF:src/array.ts
FN:7,array_change_key_case
FN:28,array_chunk
FN:91,array_column
FN:92,(anonymous_3)
FN:105,(anonymous_4)
FN:116,array_combine
FN:119,(anonymous_6)
FN:132,array_count_values
FN:135,(anonymous_8)
FN:154,array_diff_assoc
FN:175,array_diff_key
FN:195,array_diff_uassoc
FN:217,array_diff_ukey
FN:236,array_diff
FN:237,(anonymous_14)
FN:248,array_fill
FN:265,array_fill_keys
FN:268,(anonymous_17)
FN:282,array_filter
FN:292,array_flip
FN:312,array_intersect_assoc
FN:331,array_intersect_key
FN:351,array_intersect_uassoc
FN:371,array_intersect_ukey
FN:376,(anonymous_24)
FN:394,array_intersect
FN:395,(anonymous_26)
FNF:27
FNH:5
FNDA:5,array_change_key_case
FNDA:8,array_chunk
FNDA:6,array_column
FNDA:13,(anonymous_3)
FNDA:13,(anonymous_4)
FNDA:0,array_combine
FNDA:0,(anonymous_6)
FNDA:0,array_count_values
FNDA:0,(anonymous_8)
FNDA:0,array_diff_assoc
FNDA:0,array_diff_key
FNDA:0,array_diff_uassoc
FNDA:0,array_diff_ukey
FNDA:0,array_diff
FNDA:0,(anonymous_14)
FNDA:0,array_fill
FNDA:0,array_fill_keys
FNDA:0,(anonymous_17)
FNDA:0,array_filter
FNDA:0,array_flip
FNDA:0,array_intersect_assoc
FNDA:0,array_intersect_key
FNDA:0,array_intersect_uassoc
FNDA:0,array_intersect_ukey
FNDA:0,(anonymous_24)
FNDA:0,array_intersect
FNDA:0,(anonymous_26)
DA:8,5
DA:10,5
DA:11,12
DA:12,12
DA:13,12
DA:17,5
DA:29,8
DA:30,1
DA:33,7
DA:35,7
DA:36,7
DA:38,7
DA:39,36
DA:40,8
DA:41,8
DA:44,36
DA:45,0
DA:47,36
DA:51,7
DA:52,6
DA:55,7
DA:58,0
DA:59,0
DA:60,0
DA:62,0
DA:63,0
DA:64,0
DA:65,0
DA:66,0
DA:69,0
DA:70,0
DA:72,0
DA:76,0
DA:77,0
DA:80,0
DA:92,6
DA:93,13
DA:94,13
DA:96,13
DA:97,16
DA:98,13
DA:100,3
DA:104,10
DA:105,13
DA:117,0
DA:119,0
DA:120,0
DA:123,0
DA:133,0
DA:135,0
DA:136,0
DA:137,0
DA:138,0
DA:140,0
DA:144,0
DA:155,0
DA:157,0
DA:158,0
DA:159,0
DA:160,0
DA:165,0
DA:176,0
DA:178,0
DA:179,0
DA:180,0
DA:184,0
DA:196,0
DA:198,0
DA:199,0
DA:200,0
DA:201,0
DA:206,0
DA:218,0
DA:220,0
DA:221,0
DA:222,0
DA:226,0
DA:237,0
DA:249,0
DA:251,0
DA:252,0
DA:255,0
DA:266,0
DA:268,0
DA:269,0
DA:272,0
DA:283,0
DA:293,0
DA:295,0
DA:296,0
DA:297,0
DA:298,0
DA:302,0
DA:313,0
DA:315,0
DA:316,0
DA:317,0
DA:321,0
DA:332,0
DA:334,0
DA:335,0
DA:336,0
DA:340,0
DA:352,0
DA:354,0
DA:355,0
DA:356,0
DA:360,0
DA:372,0
DA:374,0
DA:375,0
DA:376,0
DA:378,0
DA:379,0
DA:384,0
DA:395,0
DA:400,1
DA:401,1
DA:402,1
DA:403,1
DA:404,1
DA:405,1
DA:406,1
DA:407,1
DA:408,1
DA:409,1
DA:410,1
DA:411,1
DA:412,1
DA:413,1
DA:414,1
DA:415,1
DA:416,1
DA:417,1
DA:418,1
LF:135
LH:48
BRDA:7,0,0,3
BRDA:11,1,0,12
BRDA:12,2,0,3
BRDA:12,2,1,9
BRDA:28,3,0,8
BRDA:29,4,0,1
BRDA:33,5,0,7
BRDA:33,5,1,0
BRDA:39,6,0,8
BRDA:39,7,0,36
BRDA:39,7,1,14
BRDA:44,8,0,0
BRDA:44,8,1,36
BRDA:51,9,0,6
BRDA:64,10,0,0
BRDA:64,11,0,0
BRDA:64,11,1,0
BRDA:69,12,0,0
BRDA:69,12,1,0
BRDA:76,13,0,0
BRDA:97,14,0,13
BRDA:97,14,1,3
BRDA:97,15,0,16
BRDA:97,15,1,16
BRDA:97,15,2,16
BRDA:137,16,0,0
BRDA:137,16,1,0
BRDA:158,17,0,0
BRDA:159,18,0,0
BRDA:159,19,0,0
BRDA:159,19,1,0
BRDA:179,20,0,0
BRDA:179,21,0,0
BRDA:179,21,1,0
BRDA:199,22,0,0
BRDA:200,23,0,0
BRDA:200,24,0,0
BRDA:200,24,1,0
BRDA:221,25,0,0
BRDA:221,26,0,0
BRDA:221,26,1,0
BRDA:221,26,2,0
BRDA:296,27,0,0
BRDA:316,28,0,0
BRDA:316,29,0,0
BRDA:316,29,1,0
BRDA:316,29,2,0
BRDA:335,30,0,0
BRDA:335,31,0,0
BRDA:335,31,1,0
BRDA:355,32,0,0
BRDA:355,33,0,0
BRDA:355,33,1,0
BRDA:355,33,2,0
BRDA:375,34,0,0
BRDA:378,35,0,0
BRF:56
BRH:17
end_of_record
