TN:
SF:src/array.ts
FN:7,array_change_key_case
FN:28,array_chunk
FN:91,array_column
FN:92,(anonymous_3)
FN:102,array_combine
FN:105,(anonymous_5)
FN:118,array_count_values
FN:121,(anonymous_7)
FN:140,array_diff_assoc
FN:161,array_diff_key
FN:181,array_diff_uassoc
FN:203,array_diff_ukey
FN:222,array_diff
FN:223,(anonymous_13)
FN:234,array_fill
FN:251,array_fill_keys
FN:254,(anonymous_16)
FN:268,array_filter
FN:278,array_flip
FN:298,array_intersect_assoc
FN:317,array_intersect_key
FN:337,array_intersect_uassoc
FN:357,array_intersect_ukey
FN:362,(anonymous_23)
FN:380,array_intersect
FN:381,(anonymous_25)
FNF:26
FNH:2
FNDA:5,array_change_key_case
FNDA:8,array_chunk
FNDA:0,array_column
FNDA:0,(anonymous_3)
FNDA:0,array_combine
FNDA:0,(anonymous_5)
FNDA:0,array_count_values
FNDA:0,(anonymous_7)
FNDA:0,array_diff_assoc
FNDA:0,array_diff_key
FNDA:0,array_diff_uassoc
FNDA:0,array_diff_ukey
FNDA:0,array_diff
FNDA:0,(anonymous_13)
FNDA:0,array_fill
FNDA:0,array_fill_keys
FNDA:0,(anonymous_16)
FNDA:0,array_filter
FNDA:0,array_flip
FNDA:0,array_intersect_assoc
FNDA:0,array_intersect_key
FNDA:0,array_intersect_uassoc
FNDA:0,array_intersect_ukey
FNDA:0,(anonymous_23)
FNDA:0,array_intersect
FNDA:0,(anonymous_25)
DA:8,5
DA:10,5
DA:11,12
DA:12,12
DA:13,12
DA:17,5
DA:29,8
DA:30,1
DA:33,7
DA:35,7
DA:36,7
DA:38,7
DA:39,36
DA:40,8
DA:41,8
DA:44,36
DA:45,0
DA:47,36
DA:51,7
DA:52,6
DA:55,7
DA:58,0
DA:59,0
DA:60,0
DA:62,0
DA:63,0
DA:64,0
DA:65,0
DA:66,0
DA:69,0
DA:70,0
DA:72,0
DA:76,0
DA:77,0
DA:80,0
DA:92,0
DA:103,0
DA:105,0
DA:106,0
DA:109,0
DA:119,0
DA:121,0
DA:122,0
DA:123,0
DA:124,0
DA:126,0
DA:130,0
DA:141,0
DA:143,0
DA:144,0
DA:145,0
DA:146,0
DA:151,0
DA:162,0
DA:164,0
DA:165,0
DA:166,0
DA:170,0
DA:182,0
DA:184,0
DA:185,0
DA:186,0
DA:187,0
DA:192,0
DA:204,0
DA:206,0
DA:207,0
DA:208,0
DA:212,0
DA:223,0
DA:235,0
DA:237,0
DA:238,0
DA:241,0
DA:252,0
DA:254,0
DA:255,0
DA:258,0
DA:269,0
DA:279,0
DA:281,0
DA:282,0
DA:283,0
DA:284,0
DA:288,0
DA:299,0
DA:301,0
DA:302,0
DA:303,0
DA:307,0
DA:318,0
DA:320,0
DA:321,0
DA:322,0
DA:326,0
DA:338,0
DA:340,0
DA:341,0
DA:342,0
DA:346,0
DA:358,0
DA:360,0
DA:361,0
DA:362,0
DA:364,0
DA:365,0
DA:370,0
DA:381,0
DA:386,1
DA:387,1
DA:388,1
DA:389,1
DA:390,1
DA:391,1
DA:392,1
DA:393,1
DA:394,1
DA:395,1
DA:396,1
DA:397,1
DA:398,1
DA:399,1
DA:400,1
DA:401,1
DA:402,1
DA:403,1
DA:404,1
LF:127
LH:39
BRDA:7,0,0,3
BRDA:11,1,0,12
BRDA:12,2,0,3
BRDA:12,2,1,9
BRDA:28,3,0,8
BRDA:29,4,0,1
BRDA:33,5,0,7
BRDA:33,5,1,0
BRDA:39,6,0,8
BRDA:39,7,0,36
BRDA:39,7,1,14
BRDA:44,8,0,0
BRDA:44,8,1,36
BRDA:51,9,0,6
BRDA:64,10,0,0
BRDA:64,11,0,0
BRDA:64,11,1,0
BRDA:69,12,0,0
BRDA:69,12,1,0
BRDA:76,13,0,0
BRDA:123,14,0,0
BRDA:123,14,1,0
BRDA:144,15,0,0
BRDA:145,16,0,0
BRDA:145,17,0,0
BRDA:145,17,1,0
BRDA:165,18,0,0
BRDA:165,19,0,0
BRDA:165,19,1,0
BRDA:185,20,0,0
BRDA:186,21,0,0
BRDA:186,22,0,0
BRDA:186,22,1,0
BRDA:207,23,0,0
BRDA:207,24,0,0
BRDA:207,24,1,0
BRDA:207,24,2,0
BRDA:282,25,0,0
BRDA:302,26,0,0
BRDA:302,27,0,0
BRDA:302,27,1,0
BRDA:302,27,2,0
BRDA:321,28,0,0
BRDA:321,29,0,0
BRDA:321,29,1,0
BRDA:341,30,0,0
BRDA:341,31,0,0
BRDA:341,31,1,0
BRDA:341,31,2,0
BRDA:361,32,0,0
BRDA:364,33,0,0
BRF:51
BRH:12
end_of_record
